
> web@0.1.0 dev
> next dev

  â–² Next.js 14.2.3
  - Local:        http://localhost:3000
  - Environments: .env.local

 âœ“ Starting...
 âœ“ Ready in 5.8s
 â—‹ Compiling / ...

ðŸŒ¼   daisyUI 4.12.24
â”œâ”€ âœ”ï¸Ž 2 themes added		https://daisyui.com/docs/themes
â•°â”€ â˜… Star daisyUI on GitHub	https://github.com/saadeghi/daisyui

 â¨¯ ./src/components/navbar.tsx:5:1
Module not found: Can't resolve '@clerk/nextjs'
[0m [90m 3 |[39m [36mimport[39m [33mLink[39m [36mfrom[39m [32m"next/link"[39m[33m;[39m[0m
[0m [90m 4 |[39m [36mimport[39m { usePathname } [36mfrom[39m [32m"next/navigation"[39m[33m;[39m[0m
[0m[31m[1m>[22m[39m[90m 5 |[39m [36mimport[39m { [33mUserButton[39m[33m,[39m useUser } [36mfrom[39m [32m"@clerk/nextjs"[39m[33m;[39m [90m// Placeholder for auth[39m[0m
[0m [90m   |[39m [31m[1m^[22m[39m[0m
[0m [90m 6 |[39m[0m
[0m [90m 7 |[39m [36mimport[39m { siteConfig } [36mfrom[39m [32m"@/config/site"[39m[33m;[39m[0m
[0m [90m 8 |[39m [36mimport[39m { cn } [36mfrom[39m [32m"@/lib/utils"[39m[33m;[39m[0m

https://nextjs.org/docs/messages/module-not-found
 â¨¯ ./src/components/navbar.tsx:5:1
Module not found: Can't resolve '@clerk/nextjs'
[0m [90m 3 |[39m [36mimport[39m [33mLink[39m [36mfrom[39m [32m"next/link"[39m[33m;[39m[0m
[0m [90m 4 |[39m [36mimport[39m { usePathname } [36mfrom[39m [32m"next/navigation"[39m[33m;[39m[0m
[0m[31m[1m>[22m[39m[90m 5 |[39m [36mimport[39m { [33mUserButton[39m[33m,[39m useUser } [36mfrom[39m [32m"@clerk/nextjs"[39m[33m;[39m [90m// Placeholder for auth[39m[0m
[0m [90m   |[39m [31m[1m^[22m[39m[0m
[0m [90m 6 |[39m[0m
[0m [90m 7 |[39m [36mimport[39m { siteConfig } [36mfrom[39m [32m"@/config/site"[39m[33m;[39m[0m
[0m [90m 8 |[39m [36mimport[39m { cn } [36mfrom[39m [32m"@/lib/utils"[39m[33m;[39m[0m

https://nextjs.org/docs/messages/module-not-found
 â¨¯ ./src/components/navbar.tsx:5:1
Module not found: Can't resolve '@clerk/nextjs'
[0m [90m 3 |[39m [36mimport[39m [33mLink[39m [36mfrom[39m [32m"next/link"[39m[33m;[39m[0m
[0m [90m 4 |[39m [36mimport[39m { usePathname } [36mfrom[39m [32m"next/navigation"[39m[33m;[39m[0m
[0m[31m[1m>[22m[39m[90m 5 |[39m [36mimport[39m { [33mUserButton[39m[33m,[39m useUser } [36mfrom[39m [32m"@clerk/nextjs"[39m[33m;[39m [90m// Placeholder for auth[39m[0m
[0m [90m   |[39m [31m[1m^[22m[39m[0m
[0m [90m 6 |[39m[0m
[0m [90m 7 |[39m [36mimport[39m { siteConfig } [36mfrom[39m [32m"@/config/site"[39m[33m;[39m[0m
[0m [90m 8 |[39m [36mimport[39m { cn } [36mfrom[39m [32m"@/lib/utils"[39m[33m;[39m[0m

https://nextjs.org/docs/messages/module-not-found
 GET / 500 in 13270ms
 âš  Found a change in next.config.mjs. Restarting the server to apply the changes...
  â–² Next.js 14.2.3
  - Local:        http://localhost:3000
  - Environments: .env.local

 âœ“ Starting...
 âœ“ Ready in 1830ms

> web@0.1.0 dev
> next dev

 âš  Port 3000 is in use, trying 3001 instead.
  â–² Next.js 14.2.3
  - Local:        http://localhost:3001
  - Environments: .env.local

 âœ“ Starting...
 âœ“ Ready in 1861ms
 â—‹ Compiling / ...

ðŸŒ¼   daisyUI 4.12.24
â”œâ”€ âœ”ï¸Ž 2 themes added		https://daisyui.com/docs/themes
â•°â”€ â˜… Star daisyUI on GitHub	https://github.com/saadeghi/daisyui

 â¨¯ ./src/components/navbar.tsx:5:1
Module not found: Can't resolve '@clerk/nextjs'
[0m [90m 3 |[39m [36mimport[39m [33mLink[39m [36mfrom[39m [32m"next/link"[39m[33m;[39m[0m
[0m [90m 4 |[39m [36mimport[39m { usePathname } [36mfrom[39m [32m"next/navigation"[39m[33m;[39m[0m
[0m[31m[1m>[22m[39m[90m 5 |[39m [36mimport[39m { [33mUserButton[39m[33m,[39m useUser } [36mfrom[39m [32m"@clerk/nextjs"[39m[33m;[39m [90m// Placeholder for auth[39m[0m
[0m [90m   |[39m [31m[1m^[22m[39m[0m
[0m [90m 6 |[39m[0m
[0m [90m 7 |[39m [36mimport[39m { siteConfig } [36mfrom[39m [32m"@/config/site"[39m[33m;[39m[0m
[0m [90m 8 |[39m [36mimport[39m { cn } [36mfrom[39m [32m"@/lib/utils"[39m[33m;[39m[0m

https://nextjs.org/docs/messages/module-not-found
 â¨¯ ./src/components/navbar.tsx:5:1
Module not found: Can't resolve '@clerk/nextjs'
[0m [90m 3 |[39m [36mimport[39m [33mLink[39m [36mfrom[39m [32m"next/link"[39m[33m;[39m[0m
[0m [90m 4 |[39m [36mimport[39m { usePathname } [36mfrom[39m [32m"next/navigation"[39m[33m;[39m[0m
[0m[31m[1m>[22m[39m[90m 5 |[39m [36mimport[39m { [33mUserButton[39m[33m,[39m useUser } [36mfrom[39m [32m"@clerk/nextjs"[39m[33m;[39m [90m// Placeholder for auth[39m[0m
[0m [90m   |[39m [31m[1m^[22m[39m[0m
[0m [90m 6 |[39m[0m
[0m [90m 7 |[39m [36mimport[39m { siteConfig } [36mfrom[39m [32m"@/config/site"[39m[33m;[39m[0m
[0m [90m 8 |[39m [36mimport[39m { cn } [36mfrom[39m [32m"@/lib/utils"[39m[33m;[39m[0m

https://nextjs.org/docs/messages/module-not-found
 â¨¯ ./src/components/navbar.tsx:5:1
Module not found: Can't resolve '@clerk/nextjs'
[0m [90m 3 |[39m [36mimport[39m [33mLink[39m [36mfrom[39m [32m"next/link"[39m[33m;[39m[0m
[0m [90m 4 |[39m [36mimport[39m { usePathname } [36mfrom[39m [32m"next/navigation"[39m[33m;[39m[0m
[0m[31m[1m>[22m[39m[90m 5 |[39m [36mimport[39m { [33mUserButton[39m[33m,[39m useUser } [36mfrom[39m [32m"@clerk/nextjs"[39m[33m;[39m [90m// Placeholder for auth[39m[0m
[0m [90m   |[39m [31m[1m^[22m[39m[0m
[0m [90m 6 |[39m[0m
[0m [90m 7 |[39m [36mimport[39m { siteConfig } [36mfrom[39m [32m"@/config/site"[39m[33m;[39m[0m
[0m [90m 8 |[39m [36mimport[39m { cn } [36mfrom[39m [32m"@/lib/utils"[39m[33m;[39m[0m

https://nextjs.org/docs/messages/module-not-found
 GET / 500 in 10932ms
 GET / 500 in 54ms
 â—‹ Compiling / ...

ðŸŒ¼   daisyUI 4.12.24
â”œâ”€ âœ”ï¸Ž 2 themes added		https://daisyui.com/docs/themes
â•°â”€ â¤ï¸Ž Support daisyUI project:	https://opencollective.com/daisyui

 â¨¯ ./src/components/navbar.tsx:5:1
Module not found: Can't resolve '@clerk/nextjs'
[0m [90m 3 |[39m [36mimport[39m [33mLink[39m [36mfrom[39m [32m"next/link"[39m[33m;[39m[0m
[0m [90m 4 |[39m [36mimport[39m { usePathname } [36mfrom[39m [32m"next/navigation"[39m[33m;[39m[0m
[0m[31m[1m>[22m[39m[90m 5 |[39m [36mimport[39m { [33mUserButton[39m[33m,[39m useUser } [36mfrom[39m [32m"@clerk/nextjs"[39m[33m;[39m [90m// Placeholder for auth[39m[0m
[0m [90m   |[39m [31m[1m^[22m[39m[0m
[0m [90m 6 |[39m[0m
[0m [90m 7 |[39m [36mimport[39m { siteConfig } [36mfrom[39m [32m"@/config/site"[39m[33m;[39m[0m
[0m [90m 8 |[39m [36mimport[39m { cn } [36mfrom[39m [32m"@/lib/utils"[39m[33m;[39m[0m

https://nextjs.org/docs/messages/module-not-found
 â¨¯ ./src/components/navbar.tsx:5:1
Module not found: Can't resolve '@clerk/nextjs'
[0m [90m 3 |[39m [36mimport[39m [33mLink[39m [36mfrom[39m [32m"next/link"[39m[33m;[39m[0m
[0m [90m 4 |[39m [36mimport[39m { usePathname } [36mfrom[39m [32m"next/navigation"[39m[33m;[39m[0m
[0m[31m[1m>[22m[39m[90m 5 |[39m [36mimport[39m { [33mUserButton[39m[33m,[39m useUser } [36mfrom[39m [32m"@clerk/nextjs"[39m[33m;[39m [90m// Placeholder for auth[39m[0m
[0m [90m   |[39m [31m[1m^[22m[39m[0m
[0m [90m 6 |[39m[0m
[0m [90m 7 |[39m [36mimport[39m { siteConfig } [36mfrom[39m [32m"@/config/site"[39m[33m;[39m[0m
[0m [90m 8 |[39m [36mimport[39m { cn } [36mfrom[39m [32m"@/lib/utils"[39m[33m;[39m[0m

https://nextjs.org/docs/messages/module-not-found
 â¨¯ ./src/components/navbar.tsx:5:1
Module not found: Can't resolve '@clerk/nextjs'
[0m [90m 3 |[39m [36mimport[39m [33mLink[39m [36mfrom[39m [32m"next/link"[39m[33m;[39m[0m
[0m [90m 4 |[39m [36mimport[39m { usePathname } [36mfrom[39m [32m"next/navigation"[39m[33m;[39m[0m
[0m[31m[1m>[22m[39m[90m 5 |[39m [36mimport[39m { [33mUserButton[39m[33m,[39m useUser } [36mfrom[39m [32m"@clerk/nextjs"[39m[33m;[39m [90m// Placeholder for auth[39m[0m
[0m [90m   |[39m [31m[1m^[22m[39m[0m
[0m [90m 6 |[39m[0m
[0m [90m 7 |[39m [36mimport[39m { siteConfig } [36mfrom[39m [32m"@/config/site"[39m[33m;[39m[0m
[0m [90m 8 |[39m [36mimport[39m { cn } [36mfrom[39m [32m"@/lib/utils"[39m[33m;[39m[0m

https://nextjs.org/docs/messages/module-not-found
 GET / 500 in 10637ms
